<?xml version="1.0" encoding="UTF-8"?>
<testsuite xmlns:xsi="http://www.w3.org/2001/XMLSchema-instance" xsi:noNamespaceSchemaLocation="https://maven.apache.org/surefire/maven-surefire-plugin/xsd/surefire-test-report-3.0.xsd" version="3.0" name="com.cmani.msscbreweryclient.MsscBreweryClientApplicationTests" time="0.207" tests="1" errors="0" skipped="0" failures="0">
  <properties>
[...]
</properties>
  <testcase name="contextLoads" classname="com.cmani.msscbreweryclient.MsscBreweryClientApplicationTests" time="0.006">
    <system-out><![CDATA[2021-07-10 11:41:07.391  INFO 8219 --- [           main] .b.t.c.SpringBootTestContextBootstrapper : Neither @ContextConfiguration nor @ContextHierarchy found for test class [com.cmani.msscbreweryclient.MsscBreweryClientApplicationTests], using SpringBootContextLoader
2021-07-10 11:41:07.392  INFO 8219 --- [           main] o.s.t.c.support.AbstractContextLoader    : Could not detect default resource locations for test class [com.cmani.msscbreweryclient.MsscBreweryClientApplicationTests]: no resource found for suffixes {-context.xml, Context.groovy}.
2021-07-10 11:41:07.393  INFO 8219 --- [           main] t.c.s.AnnotationConfigContextLoaderUtils : Could not detect default configuration classes for test class [com.cmani.msscbreweryclient.MsscBreweryClientApplicationTests]: MsscBreweryClientApplicationTests does not declare any static, non-private, non-final, nested classes annotated with @Configuration.
2021-07-10 11:41:07.400  INFO 8219 --- [           main] .b.t.c.SpringBootTestContextBootstrapper : Found @SpringBootConfiguration com.cmani.msscbreweryclient.MsscBreweryClientApplication for test class com.cmani.msscbreweryclient.MsscBreweryClientApplicationTests
2021-07-10 11:41:07.463  INFO 8219 --- [           main] .b.t.c.SpringBootTestContextBootstrapper : Loaded default TestExecutionListener class names from location [META-INF/spring.factories]: [org.springframework.boot.test.mock.mockito.MockitoTestExecutionListener, org.springframework.boot.test.mock.mockito.ResetMocksTestExecutionListener, org.springframework.boot.test.autoconfigure.restdocs.RestDocsTestExecutionListener, org.springframework.boot.test.autoconfigure.web.client.MockRestServiceServerResetTestExecutionListener, org.springframework.boot.test.autoconfigure.web.servlet.MockMvcPrintOnlyOnFailureTestExecutionListener, org.springframework.boot.test.autoconfigure.web.servlet.WebDriverTestExecutionListener, org.springframework.boot.test.autoconfigure.webservices.client.MockWebServiceServerTestExecutionListener, org.springframework.test.context.web.ServletTestExecutionListener, org.springframework.test.context.support.DirtiesContextBeforeModesTestExecutionListener, org.springframework.test.context.support.DependencyInjectionTestExecutionListener, org.springframework.test.context.support.DirtiesContextTestExecutionListener, org.springframework.test.context.transaction.TransactionalTestExecutionListener, org.springframework.test.context.jdbc.SqlScriptsTestExecutionListener, org.springframework.test.context.event.EventPublishingTestExecutionListener]
2021-07-10 11:41:07.465  INFO 8219 --- [           main] .b.t.c.SpringBootTestContextBootstrapper : Using TestExecutionListeners: [org.springframework.test.context.support.DirtiesContextBeforeModesTestExecutionListener@603cabc4, org.springframework.boot.test.mock.mockito.MockitoTestExecutionListener@67fa5045, org.springframework.boot.test.autoconfigure.SpringBootDependencyInjectionTestExecutionListener@6f347d7, org.springframework.test.context.support.DirtiesContextTestExecutionListener@5974b233, org.springframework.test.context.event.EventPublishingTestExecutionListener@5c134052, org.springframework.boot.test.mock.mockito.ResetMocksTestExecutionListener@69de5bed, org.springframework.boot.test.autoconfigure.restdocs.RestDocsTestExecutionListener@750f64fe, org.springframework.boot.test.autoconfigure.web.client.MockRestServiceServerResetTestExecutionListener@996a546, org.springframework.boot.test.autoconfigure.web.servlet.MockMvcPrintOnlyOnFailureTestExecutionListener@4fc165f6, org.springframework.boot.test.autoconfigure.web.servlet.WebDriverTestExecutionListener@545b5ed0, org.springframework.boot.test.autoconfigure.webservices.client.MockWebServiceServerTestExecutionListener@5a7df831]
]]></system-out>
  </testcase>
</testsuite>