<?xml version="1.0" encoding="UTF-8"?>
<testsuite xmlns:xsi="http://www.w3.org/2001/XMLSchema-instance" xsi:noNamespaceSchemaLocation="https://maven.apache.org/surefire/maven-surefire-plugin/xsd/surefire-test-report-3.0.xsd" version="3.0" name="com.cmani.msscbreweryclient.web.client.BreweryClientTest" time="11.512" tests="8" errors="8" skipped="0" failures="0">
  <properties>
[...]
</properties>
  <testcase name="shouldSaveNewCustomer_Success" classname="com.cmani.msscbreweryclient.web.client.BreweryClientTest" time="2.588">
    <error type="org.springframework.web.client.ResourceAccessException"><![CDATA[org.springframework.web.client.ResourceAccessException: I/O error on POST request for "http://localhost:9191/api/v1/customer/": Connect to localhost:9191 [localhost/127.0.0.1, localhost/0:0:0:0:0:0:0:1] failed: Connection refused (Connection refused); nested exception is org.apache.http.conn.HttpHostConnectException: Connect to localhost:9191 [localhost/127.0.0.1, localhost/0:0:0:0:0:0:0:1] failed: Connection refused (Connection refused)
	at com.cmani.msscbreweryclient.web.client.BreweryClientTest.shouldSaveNewCustomer_Success(BreweryClientTest.java:55)
Caused by: org.apache.http.conn.HttpHostConnectException: Connect to localhost:9191 [localhost/127.0.0.1, localhost/0:0:0:0:0:0:0:1] failed: Connection refused (Connection refused)
	at com.cmani.msscbreweryclient.web.client.BreweryClientTest.shouldSaveNewCustomer_Success(BreweryClientTest.java:55)
Caused by: java.net.ConnectException: Connection refused (Connection refused)
	at com.cmani.msscbreweryclient.web.client.BreweryClientTest.shouldSaveNewCustomer_Success(BreweryClientTest.java:55)
]]></error>
    <system-out><![CDATA[11:40:56.070 [main] DEBUG org.springframework.test.context.BootstrapUtils - Instantiating CacheAwareContextLoaderDelegate from class [org.springframework.test.context.cache.DefaultCacheAwareContextLoaderDelegate]
11:40:56.087 [main] DEBUG org.springframework.test.context.BootstrapUtils - Instantiating BootstrapContext using constructor [public org.springframework.test.context.support.DefaultBootstrapContext(java.lang.Class,org.springframework.test.context.CacheAwareContextLoaderDelegate)]
11:40:56.345 [main] DEBUG org.springframework.test.context.BootstrapUtils - Instantiating TestContextBootstrapper for test class [com.cmani.msscbreweryclient.web.client.BreweryClientTest] from class [org.springframework.boot.test.context.SpringBootTestContextBootstrapper]
11:40:56.400 [main] INFO org.springframework.boot.test.context.SpringBootTestContextBootstrapper - Neither @ContextConfiguration nor @ContextHierarchy found for test class [com.cmani.msscbreweryclient.web.client.BreweryClientTest], using SpringBootContextLoader
11:40:56.406 [main] DEBUG org.springframework.test.context.support.AbstractContextLoader - Did not detect default resource location for test class [com.cmani.msscbreweryclient.web.client.BreweryClientTest]: class path resource [com/cmani/msscbreweryclient/web/client/BreweryClientTest-context.xml] does not exist
11:40:56.407 [main] DEBUG org.springframework.test.context.support.AbstractContextLoader - Did not detect default resource location for test class [com.cmani.msscbreweryclient.web.client.BreweryClientTest]: class path resource [com/cmani/msscbreweryclient/web/client/BreweryClientTestContext.groovy] does not exist
11:40:56.407 [main] INFO org.springframework.test.context.support.AbstractContextLoader - Could not detect default resource locations for test class [com.cmani.msscbreweryclient.web.client.BreweryClientTest]: no resource found for suffixes {-context.xml, Context.groovy}.
11:40:56.408 [main] INFO org.springframework.test.context.support.AnnotationConfigContextLoaderUtils - Could not detect default configuration classes for test class [com.cmani.msscbreweryclient.web.client.BreweryClientTest]: BreweryClientTest does not declare any static, non-private, non-final, nested classes annotated with @Configuration.
11:40:56.579 [main] DEBUG org.springframework.test.context.support.ActiveProfilesUtils - Could not find an 'annotation declaring class' for annotation type [org.springframework.test.context.ActiveProfiles] and class [com.cmani.msscbreweryclient.web.client.BreweryClientTest]
11:40:56.893 [main] DEBUG org.springframework.context.annotation.ClassPathScanningCandidateComponentProvider - Identified candidate component class: file [/Users/chintamaniprasad/study/workspace/MyRepo/Spring-Microservices/mssc-brewery-client/target/classes/com/cmani/msscbreweryclient/MsscBreweryClientApplication.class]
11:40:56.895 [main] INFO org.springframework.boot.test.context.SpringBootTestContextBootstrapper - Found @SpringBootConfiguration com.cmani.msscbreweryclient.MsscBreweryClientApplication for test class com.cmani.msscbreweryclient.web.client.BreweryClientTest
11:40:57.435 [main] DEBUG org.springframework.boot.test.context.SpringBootTestContextBootstrapper - @TestExecutionListeners is not present for class [com.cmani.msscbreweryclient.web.client.BreweryClientTest]: using defaults.
11:40:57.435 [main] INFO org.springframework.boot.test.context.SpringBootTestContextBootstrapper - Loaded default TestExecutionListener class names from location [META-INF/spring.factories]: [org.springframework.boot.test.mock.mockito.MockitoTestExecutionListener, org.springframework.boot.test.mock.mockito.ResetMocksTestExecutionListener, org.springframework.boot.test.autoconfigure.restdocs.RestDocsTestExecutionListener, org.springframework.boot.test.autoconfigure.web.client.MockRestServiceServerResetTestExecutionListener, org.springframework.boot.test.autoconfigure.web.servlet.MockMvcPrintOnlyOnFailureTestExecutionListener, org.springframework.boot.test.autoconfigure.web.servlet.WebDriverTestExecutionListener, org.springframework.boot.test.autoconfigure.webservices.client.MockWebServiceServerTestExecutionListener, org.springframework.test.context.web.ServletTestExecutionListener, org.springframework.test.context.support.DirtiesContextBeforeModesTestExecutionListener, org.springframework.test.context.support.DependencyInjectionTestExecutionListener, org.springframework.test.context.support.DirtiesContextTestExecutionListener, org.springframework.test.context.transaction.TransactionalTestExecutionListener, org.springframework.test.context.jdbc.SqlScriptsTestExecutionListener, org.springframework.test.context.event.EventPublishingTestExecutionListener]
11:40:57.469 [main] DEBUG org.springframework.boot.test.context.SpringBootTestContextBootstrapper - Skipping candidate TestExecutionListener [org.springframework.test.context.web.ServletTestExecutionListener] due to a missing dependency. Specify custom listener classes or make the default listener classes and their required dependencies available. Offending class: [javax/servlet/ServletContext]
11:40:57.471 [main] DEBUG org.springframework.boot.test.context.SpringBootTestContextBootstrapper - Skipping candidate TestExecutionListener [org.springframework.test.context.transaction.TransactionalTestExecutionListener] due to a missing dependency. Specify custom listener classes or make the default listener classes and their required dependencies available. Offending class: [org/springframework/transaction/TransactionDefinition]
11:40:57.472 [main] DEBUG org.springframework.boot.test.context.SpringBootTestContextBootstrapper - Skipping candidate TestExecutionListener [org.springframework.test.context.jdbc.SqlScriptsTestExecutionListener] due to a missing dependency. Specify custom listener classes or make the default listener classes and their required dependencies available. Offending class: [org/springframework/transaction/interceptor/TransactionAttribute]
11:40:57.472 [main] INFO org.springframework.boot.test.context.SpringBootTestContextBootstrapper - Using TestExecutionListeners: [org.springframework.test.context.support.DirtiesContextBeforeModesTestExecutionListener@7e7b159b, org.springframework.boot.test.mock.mockito.MockitoTestExecutionListener@7e5d9a50, org.springframework.boot.test.autoconfigure.SpringBootDependencyInjectionTestExecutionListener@60957c0f, org.springframework.test.context.support.DirtiesContextTestExecutionListener@293a5f75, org.springframework.test.context.event.EventPublishingTestExecutionListener@fcb4004, org.springframework.boot.test.mock.mockito.ResetMocksTestExecutionListener@1dd6d4b7, org.springframework.boot.test.autoconfigure.restdocs.RestDocsTestExecutionListener@56e8b606, org.springframework.boot.test.autoconfigure.web.client.MockRestServiceServerResetTestExecutionListener@2dd29a59, org.springframework.boot.test.autoconfigure.web.servlet.MockMvcPrintOnlyOnFailureTestExecutionListener@784c3487, org.springframework.boot.test.autoconfigure.web.servlet.WebDriverTestExecutionListener@53142455, org.springframework.boot.test.autoconfigure.webservices.client.MockWebServiceServerTestExecutionListener@40dff0b7]
11:40:57.491 [main] DEBUG org.springframework.test.context.support.AbstractDirtiesContextTestExecutionListener - Before test class: context [DefaultTestContext@4566d049 testClass = BreweryClientTest, testInstance = [null], testMethod = [null], testException = [null], mergedContextConfiguration = [MergedContextConfiguration@61ce23ac testClass = BreweryClientTest, locations = '{}', classes = '{class com.cmani.msscbreweryclient.MsscBreweryClientApplication}', contextInitializerClasses = '[]', activeProfiles = '{}', propertySourceLocations = '{}', propertySourceProperties = '{org.springframework.boot.test.context.SpringBootTestContextBootstrapper=true}', contextCustomizers = set[org.springframework.boot.test.context.filter.ExcludeFilterContextCustomizer@2ca923bb, org.springframework.boot.test.json.DuplicateJsonObjectContextCustomizerFactory$DuplicateJsonObjectContextCustomizer@72d6b3ba, org.springframework.boot.test.mock.mockito.MockitoContextCustomizer@0, org.springframework.boot.test.web.client.TestRestTemplateContextCustomizer@471a9022, org.springframework.boot.test.autoconfigure.properties.PropertyMappingContextCustomizer@0, org.springframework.boot.test.autoconfigure.web.servlet.WebDriverContextCustomizerFactory$Customizer@7bf3a5d8, org.springframework.boot.test.context.SpringBootTestArgs@1], contextLoader = 'org.springframework.boot.test.context.SpringBootContextLoader', parent = [null]], attributes = map[[empty]]], class annotated with @DirtiesContext [false] with mode [null].
11:40:57.545 [main] DEBUG org.springframework.test.context.support.DependencyInjectionTestExecutionListener - Performing dependency injection for test context [[DefaultTestContext@4566d049 testClass = BreweryClientTest, testInstance = com.cmani.msscbreweryclient.web.client.BreweryClientTest@18b0930f, testMethod = [null], testException = [null], mergedContextConfiguration = [MergedContextConfiguration@61ce23ac testClass = BreweryClientTest, locations = '{}', classes = '{class com.cmani.msscbreweryclient.MsscBreweryClientApplication}', contextInitializerClasses = '[]', activeProfiles = '{}', propertySourceLocations = '{}', propertySourceProperties = '{org.springframework.boot.test.context.SpringBootTestContextBootstrapper=true}', contextCustomizers = set[org.springframework.boot.test.context.filter.ExcludeFilterContextCustomizer@2ca923bb, org.springframework.boot.test.json.DuplicateJsonObjectContextCustomizerFactory$DuplicateJsonObjectContextCustomizer@72d6b3ba, org.springframework.boot.test.mock.mockito.MockitoContextCustomizer@0, org.springframework.boot.test.web.client.TestRestTemplateContextCustomizer@471a9022, org.springframework.boot.test.autoconfigure.properties.PropertyMappingContextCustomizer@0, org.springframework.boot.test.autoconfigure.web.servlet.WebDriverContextCustomizerFactory$Customizer@7bf3a5d8, org.springframework.boot.test.context.SpringBootTestArgs@1], contextLoader = 'org.springframework.boot.test.context.SpringBootContextLoader', parent = [null]], attributes = map[[empty]]]].
11:40:57.666 [main] DEBUG org.springframework.test.context.support.TestPropertySourceUtils - Adding inlined properties to environment: {spring.jmx.enabled=false, org.springframework.boot.test.context.SpringBootTestContextBootstrapper=true}

  .   ____          _            __ _ _
 /\\ / ___'_ __ _ _(_)_ __  __ _ \ \ \ \
( ( )\___ | '_ | '_| | '_ \/ _` | \ \ \ \
 \\/  ___)| |_)| | | | | || (_| |  ) ) ) )
  '  |____| .__|_| |_|_| |_\__, | / / / /
 =========|_|==============|___/=/_/_/_/
 :: Spring Boot ::        (v2.3.4.RELEASE)

2021-07-10 11:40:58.959  INFO 8219 --- [           main] c.c.m.web.client.BreweryClientTest       : Starting BreweryClientTest on Chintamanis-MacBook-Pro.local with PID 8219 (started by chintamaniprasad in /Users/chintamaniprasad/study/workspace/MyRepo/Spring-Microservices/mssc-brewery-client)
2021-07-10 11:40:58.962  INFO 8219 --- [           main] c.c.m.web.client.BreweryClientTest       : No active profile set, falling back to default profiles: default
2021-07-10 11:41:04.096  INFO 8219 --- [           main] c.c.m.web.client.BreweryClientTest       : Started BreweryClientTest in 6.426 seconds (JVM running for 11.415)
]]></system-out>
  </testcase>
  <testcase name="shouldSaveNewBeer_Success" classname="com.cmani.msscbreweryclient.web.client.BreweryClientTest" time="0.073">
    <error type="org.springframework.web.client.ResourceAccessException"><![CDATA[org.springframework.web.client.ResourceAccessException: I/O error on POST request for "http://localhost:9191/api/v1/beer/": Connect to localhost:9191 [localhost/127.0.0.1, localhost/0:0:0:0:0:0:0:1] failed: Connection refused (Connection refused); nested exception is org.apache.http.conn.HttpHostConnectException: Connect to localhost:9191 [localhost/127.0.0.1, localhost/0:0:0:0:0:0:0:1] failed: Connection refused (Connection refused)
	at com.cmani.msscbreweryclient.web.client.BreweryClientTest.shouldSaveNewBeer_Success(BreweryClientTest.java:31)
Caused by: org.apache.http.conn.HttpHostConnectException: Connect to localhost:9191 [localhost/127.0.0.1, localhost/0:0:0:0:0:0:0:1] failed: Connection refused (Connection refused)
	at com.cmani.msscbreweryclient.web.client.BreweryClientTest.shouldSaveNewBeer_Success(BreweryClientTest.java:31)
Caused by: java.net.ConnectException: Connection refused (Connection refused)
	at com.cmani.msscbreweryclient.web.client.BreweryClientTest.shouldSaveNewBeer_Success(BreweryClientTest.java:31)
]]></error>
  </testcase>
  <testcase name="shouldDeleteCustomer_Success" classname="com.cmani.msscbreweryclient.web.client.BreweryClientTest" time="0.012">
    <error type="org.springframework.web.client.ResourceAccessException"><![CDATA[org.springframework.web.client.ResourceAccessException: I/O error on DELETE request for "http://localhost:9191/api/v1/customer/41c9b2e4-884b-46af-ab10-81e7f7a8c705": Connect to localhost:9191 [localhost/127.0.0.1, localhost/0:0:0:0:0:0:0:1] failed: Connection refused (Connection refused); nested exception is org.apache.http.conn.HttpHostConnectException: Connect to localhost:9191 [localhost/127.0.0.1, localhost/0:0:0:0:0:0:0:1] failed: Connection refused (Connection refused)
	at com.cmani.msscbreweryclient.web.client.BreweryClientTest.shouldDeleteCustomer_Success(BreweryClientTest.java:67)
Caused by: org.apache.http.conn.HttpHostConnectException: Connect to localhost:9191 [localhost/127.0.0.1, localhost/0:0:0:0:0:0:0:1] failed: Connection refused (Connection refused)
	at com.cmani.msscbreweryclient.web.client.BreweryClientTest.shouldDeleteCustomer_Success(BreweryClientTest.java:67)
Caused by: java.net.ConnectException: Connection refused (Connection refused)
	at com.cmani.msscbreweryclient.web.client.BreweryClientTest.shouldDeleteCustomer_Success(BreweryClientTest.java:67)
]]></error>
  </testcase>
  <testcase name="shouldGetBeerById_Success" classname="com.cmani.msscbreweryclient.web.client.BreweryClientTest" time="0.287">
    <error type="org.springframework.web.client.ResourceAccessException"><![CDATA[org.springframework.web.client.ResourceAccessException: I/O error on GET request for "http://localhost:9191/api/v1/beer/1928a119-d9c8-4075-aded-8c8fbe18bf40": Connect to localhost:9191 [localhost/127.0.0.1, localhost/0:0:0:0:0:0:0:1] failed: Connection refused (Connection refused); nested exception is org.apache.http.conn.HttpHostConnectException: Connect to localhost:9191 [localhost/127.0.0.1, localhost/0:0:0:0:0:0:0:1] failed: Connection refused (Connection refused)
	at com.cmani.msscbreweryclient.web.client.BreweryClientTest.shouldGetBeerById_Success(BreweryClientTest.java:24)
Caused by: org.apache.http.conn.HttpHostConnectException: Connect to localhost:9191 [localhost/127.0.0.1, localhost/0:0:0:0:0:0:0:1] failed: Connection refused (Connection refused)
	at com.cmani.msscbreweryclient.web.client.BreweryClientTest.shouldGetBeerById_Success(BreweryClientTest.java:24)
Caused by: java.net.ConnectException: Connection refused (Connection refused)
	at com.cmani.msscbreweryclient.web.client.BreweryClientTest.shouldGetBeerById_Success(BreweryClientTest.java:24)
]]></error>
  </testcase>
  <testcase name="shouldUpdateCustomer_Success" classname="com.cmani.msscbreweryclient.web.client.BreweryClientTest" time="0.094">
    <error type="org.springframework.web.client.ResourceAccessException"><![CDATA[org.springframework.web.client.ResourceAccessException: I/O error on PUT request for "http://localhost:9191/api/v1/customer/7ae68b52-1a63-47f1-9503-71d24e35c189": Connect to localhost:9191 [localhost/127.0.0.1, localhost/0:0:0:0:0:0:0:1] failed: Connection refused (Connection refused); nested exception is org.apache.http.conn.HttpHostConnectException: Connect to localhost:9191 [localhost/127.0.0.1, localhost/0:0:0:0:0:0:0:1] failed: Connection refused (Connection refused)
	at com.cmani.msscbreweryclient.web.client.BreweryClientTest.shouldUpdateCustomer_Success(BreweryClientTest.java:62)
Caused by: org.apache.http.conn.HttpHostConnectException: Connect to localhost:9191 [localhost/127.0.0.1, localhost/0:0:0:0:0:0:0:1] failed: Connection refused (Connection refused)
	at com.cmani.msscbreweryclient.web.client.BreweryClientTest.shouldUpdateCustomer_Success(BreweryClientTest.java:62)
Caused by: java.net.ConnectException: Connection refused (Connection refused)
	at com.cmani.msscbreweryclient.web.client.BreweryClientTest.shouldUpdateCustomer_Success(BreweryClientTest.java:62)
]]></error>
  </testcase>
  <testcase name="shouldGetCustomerById_Success" classname="com.cmani.msscbreweryclient.web.client.BreweryClientTest" time="0.01">
    <error type="org.springframework.web.client.ResourceAccessException"><![CDATA[org.springframework.web.client.ResourceAccessException: I/O error on GET request for "http://localhost:9191/api/v1/customer/e7c23146-e64a-43af-8d45-b8ef5be45cd3": Connect to localhost:9191 [localhost/127.0.0.1, localhost/0:0:0:0:0:0:0:1] failed: Connection refused (Connection refused); nested exception is org.apache.http.conn.HttpHostConnectException: Connect to localhost:9191 [localhost/127.0.0.1, localhost/0:0:0:0:0:0:0:1] failed: Connection refused (Connection refused)
	at com.cmani.msscbreweryclient.web.client.BreweryClientTest.shouldGetCustomerById_Success(BreweryClientTest.java:48)
Caused by: org.apache.http.conn.HttpHostConnectException: Connect to localhost:9191 [localhost/127.0.0.1, localhost/0:0:0:0:0:0:0:1] failed: Connection refused (Connection refused)
	at com.cmani.msscbreweryclient.web.client.BreweryClientTest.shouldGetCustomerById_Success(BreweryClientTest.java:48)
Caused by: java.net.ConnectException: Connection refused (Connection refused)
	at com.cmani.msscbreweryclient.web.client.BreweryClientTest.shouldGetCustomerById_Success(BreweryClientTest.java:48)
]]></error>
  </testcase>
  <testcase name="shouldDeleteBeer_Success" classname="com.cmani.msscbreweryclient.web.client.BreweryClientTest" time="0.007">
    <error type="org.springframework.web.client.ResourceAccessException"><![CDATA[org.springframework.web.client.ResourceAccessException: I/O error on DELETE request for "http://localhost:9191/api/v1/beer/800ac3c7-7206-4e14-8e3d-457d3f958841": Connect to localhost:9191 [localhost/127.0.0.1, localhost/0:0:0:0:0:0:0:1] failed: Connection refused (Connection refused); nested exception is org.apache.http.conn.HttpHostConnectException: Connect to localhost:9191 [localhost/127.0.0.1, localhost/0:0:0:0:0:0:0:1] failed: Connection refused (Connection refused)
	at com.cmani.msscbreweryclient.web.client.BreweryClientTest.shouldDeleteBeer_Success(BreweryClientTest.java:43)
Caused by: org.apache.http.conn.HttpHostConnectException: Connect to localhost:9191 [localhost/127.0.0.1, localhost/0:0:0:0:0:0:0:1] failed: Connection refused (Connection refused)
	at com.cmani.msscbreweryclient.web.client.BreweryClientTest.shouldDeleteBeer_Success(BreweryClientTest.java:43)
Caused by: java.net.ConnectException: Connection refused (Connection refused)
	at com.cmani.msscbreweryclient.web.client.BreweryClientTest.shouldDeleteBeer_Success(BreweryClientTest.java:43)
]]></error>
  </testcase>
  <testcase name="shouldUpdateBeer_Success" classname="com.cmani.msscbreweryclient.web.client.BreweryClientTest" time="0.005">
    <error type="org.springframework.web.client.ResourceAccessException"><![CDATA[org.springframework.web.client.ResourceAccessException: I/O error on PUT request for "http://localhost:9191/api/v1/beer/7d50e076-a629-43e4-82d3-a0ad22e1c113": Connect to localhost:9191 [localhost/127.0.0.1, localhost/0:0:0:0:0:0:0:1] failed: Connection refused (Connection refused); nested exception is org.apache.http.conn.HttpHostConnectException: Connect to localhost:9191 [localhost/127.0.0.1, localhost/0:0:0:0:0:0:0:1] failed: Connection refused (Connection refused)
	at com.cmani.msscbreweryclient.web.client.BreweryClientTest.shouldUpdateBeer_Success(BreweryClientTest.java:38)
Caused by: org.apache.http.conn.HttpHostConnectException: Connect to localhost:9191 [localhost/127.0.0.1, localhost/0:0:0:0:0:0:0:1] failed: Connection refused (Connection refused)
	at com.cmani.msscbreweryclient.web.client.BreweryClientTest.shouldUpdateBeer_Success(BreweryClientTest.java:38)
Caused by: java.net.ConnectException: Connection refused (Connection refused)
	at com.cmani.msscbreweryclient.web.client.BreweryClientTest.shouldUpdateBeer_Success(BreweryClientTest.java:38)
]]></error>
  </testcase>
</testsuite>