-------------------------------------------------------------------------------
Test set: com.cmani.msscbreweryservice.inventory.service.BeerInventoryServiceRestTemplateImplTest
-------------------------------------------------------------------------------
Tests run: 1, Failures: 0, Errors: 1, Skipped: 0, Time elapsed: 2.412 s <<< FAILURE! - in com.cmani.msscbreweryservice.inventory.service.BeerInventoryServiceRestTemplateImplTest
getOnHandInventoryTest  Time elapsed: 0 s  <<< ERROR!
java.lang.IllegalStateException: Failed to load ApplicationContext
Caused by: org.springframework.beans.factory.UnsatisfiedDependencyException: Error creating bean with name 'cacheManager' defined in class path resource [org/springframework/boot/autoconfigure/cache/JCacheCacheConfiguration.class]: Unsatisfied dependency expressed through method 'cacheManager' parameter 1; nested exception is org.springframework.beans.factory.BeanCreationException: Error creating bean with name 'jCacheCacheManager' defined in class path resource [org/springframework/boot/autoconfigure/cache/JCacheCacheConfiguration.class]: Bean instantiation via factory method failed; nested exception is org.springframework.beans.BeanInstantiationException: Failed to instantiate [javax.cache.CacheManager]: Factory method 'jCacheCacheManager' threw exception; nested exception is javax.cache.CacheException: org.ehcache.xml.exceptions.XmlConfigurationException: Error parsing XML configuration at file:/Users/chintamaniprasad/study/workspace/MyRepo/Spring-Microservices/mssc-brewery-service/target/classes/ehcache.xml
Caused by: org.springframework.beans.factory.BeanCreationException: Error creating bean with name 'jCacheCacheManager' defined in class path resource [org/springframework/boot/autoconfigure/cache/JCacheCacheConfiguration.class]: Bean instantiation via factory method failed; nested exception is org.springframework.beans.BeanInstantiationException: Failed to instantiate [javax.cache.CacheManager]: Factory method 'jCacheCacheManager' threw exception; nested exception is javax.cache.CacheException: org.ehcache.xml.exceptions.XmlConfigurationException: Error parsing XML configuration at file:/Users/chintamaniprasad/study/workspace/MyRepo/Spring-Microservices/mssc-brewery-service/target/classes/ehcache.xml
Caused by: org.springframework.beans.BeanInstantiationException: Failed to instantiate [javax.cache.CacheManager]: Factory method 'jCacheCacheManager' threw exception; nested exception is javax.cache.CacheException: org.ehcache.xml.exceptions.XmlConfigurationException: Error parsing XML configuration at file:/Users/chintamaniprasad/study/workspace/MyRepo/Spring-Microservices/mssc-brewery-service/target/classes/ehcache.xml
Caused by: javax.cache.CacheException: org.ehcache.xml.exceptions.XmlConfigurationException: Error parsing XML configuration at file:/Users/chintamaniprasad/study/workspace/MyRepo/Spring-Microservices/mssc-brewery-service/target/classes/ehcache.xml
Caused by: org.ehcache.xml.exceptions.XmlConfigurationException: Error parsing XML configuration at file:/Users/chintamaniprasad/study/workspace/MyRepo/Spring-Microservices/mssc-brewery-service/target/classes/ehcache.xml
Caused by: org.xml.sax.SAXParseException: cvc-complex-type.3.2.2: Attribute 'uses-templates' is not allowed to appear in element 'cache'.

